Flow report for DE1_SoC_Audio
Mon Jun 06 21:15:27 2016
Quartus II 64-Bit Version 15.0.0 Build 145 04/22/2015 SJ Web Edition


---------------------
; Table of Contents ;
---------------------
  1. Legal Notice
  2. Flow Summary
  3. Flow Settings
  4. Flow Non-Default Global Settings
  5. Flow Elapsed Time
  6. Flow OS Summary
  7. Flow Log
  8. Flow Messages
  9. Flow Suppressed Messages



----------------
; Legal Notice ;
----------------
Copyright (C) 1991-2015 Altera Corporation. All rights reserved.
Your use of Altera Corporation's design tools, logic functions 
and other software and tools, and its AMPP partner logic 
functions, and any output files from any of the foregoing 
(including device programming or simulation files), and any 
associated documentation or information are expressly subject 
to the terms and conditions of the Altera Program License 
Subscription Agreement, the Altera Quartus II License Agreement,
the Altera MegaCore Function License Agreement, or other 
applicable license agreement, including, without limitation, 
that your use is for the sole purpose of programming logic 
devices manufactured by Altera and sold by Altera or its 
authorized distributors.  Please refer to the applicable 
agreement for further details.



+------------------------------------------------------------------------------+
; Flow Summary                                                                 ;
+---------------------------------+--------------------------------------------+
; Flow Status                     ; Successful - Mon Jun 06 21:15:27 2016      ;
; Quartus II 64-Bit Version       ; 15.0.0 Build 145 04/22/2015 SJ Web Edition ;
; Revision Name                   ; DE1_SoC_Audio                              ;
; Top-level Entity Name           ; DE1_SoC_Audio                              ;
; Family                          ; Cyclone V                                  ;
; Device                          ; 5CSEMA5F31C6                               ;
; Timing Models                   ; Final                                      ;
; Logic utilization (in ALMs)     ; 3,905 / 32,070 ( 12 % )                    ;
; Total registers                 ; 6286                                       ;
; Total pins                      ; 368 / 457 ( 81 % )                         ;
; Total virtual pins              ; 0                                          ;
; Total block memory bits         ; 2,651,168 / 4,065,280 ( 65 % )             ;
; Total DSP Blocks                ; 2 / 87 ( 2 % )                             ;
; Total HSSI RX PCSs              ; 0                                          ;
; Total HSSI PMA RX Deserializers ; 0                                          ;
; Total HSSI TX PCSs              ; 0                                          ;
; Total HSSI PMA TX Serializers   ; 0                                          ;
; Total PLLs                      ; 2 / 6 ( 33 % )                             ;
; Total DLLs                      ; 1 / 4 ( 25 % )                             ;
+---------------------------------+--------------------------------------------+


+-----------------------------------------+
; Flow Settings                           ;
+-------------------+---------------------+
; Option            ; Setting             ;
+-------------------+---------------------+
; Start date & time ; 06/06/2016 21:05:16 ;
; Main task         ; Compilation         ;
; Revision Name     ; DE1_SoC_Audio       ;
+-------------------+---------------------+


+--------------------------------------------------------------------------------------------------------------------------------------------------------------------------------------+
; Flow Non-Default Global Settings                                                                                                                                                     ;
+---------------------------------------------------+------------------------------------------------------------------------+---------------+----------------------------+------------+
; Assignment Name                                   ; Value                                                                  ; Default Value ; Entity Name                ; Section Id ;
+---------------------------------------------------+------------------------------------------------------------------------+---------------+----------------------------+------------+
; COMPILER_SIGNATURE_ID                             ; 9218723088487.146526510709584                                          ; --            ; --                         ; --         ;
; ECO_REGENERATE_REPORT                             ; On                                                                     ; Off           ; --                         ; --         ;
; FITTER_EFFORT                                     ; Standard Fit                                                           ; Auto Fit      ; --                         ; --         ;
; HPS_ISW_FILE                                      ; hps_fpga/synthesis/submodules/sequencer/alt_types.pre.h                ; --            ; hps_fpga_hps_hps_io_border ; --         ;
; HPS_ISW_FILE                                      ; hps_fpga/synthesis/submodules/sequencer/emif.pre.xml                   ; --            ; hps_fpga_hps_hps_io_border ; --         ;
; HPS_ISW_FILE                                      ; hps_fpga/synthesis/submodules/sequencer/sdram_io.pre.h                 ; --            ; hps_fpga_hps_hps_io_border ; --         ;
; HPS_ISW_FILE                                      ; hps_fpga/synthesis/submodules/sequencer/sequencer.pre.c                ; --            ; hps_fpga_hps_hps_io_border ; --         ;
; HPS_ISW_FILE                                      ; hps_fpga/synthesis/submodules/sequencer/sequencer.pre.h                ; --            ; hps_fpga_hps_hps_io_border ; --         ;
; HPS_ISW_FILE                                      ; hps_fpga/synthesis/submodules/sequencer/sequencer_auto.pre.h           ; --            ; hps_fpga_hps_hps_io_border ; --         ;
; HPS_ISW_FILE                                      ; hps_fpga/synthesis/submodules/sequencer/sequencer_auto_ac_init.pre.c   ; --            ; hps_fpga_hps_hps_io_border ; --         ;
; HPS_ISW_FILE                                      ; hps_fpga/synthesis/submodules/sequencer/sequencer_auto_inst_init.pre.c ; --            ; hps_fpga_hps_hps_io_border ; --         ;
; HPS_ISW_FILE                                      ; hps_fpga/synthesis/submodules/sequencer/sequencer_defines.pre.h        ; --            ; hps_fpga_hps_hps_io_border ; --         ;
; HPS_ISW_FILE                                      ; hps_fpga/synthesis/submodules/sequencer/system.pre.h                   ; --            ; hps_fpga_hps_hps_io_border ; --         ;
; HPS_ISW_FILE                                      ; hps_fpga/synthesis/submodules/sequencer/tclrpt.pre.c                   ; --            ; hps_fpga_hps_hps_io_border ; --         ;
; HPS_ISW_FILE                                      ; hps_fpga/synthesis/submodules/sequencer/tclrpt.pre.h                   ; --            ; hps_fpga_hps_hps_io_border ; --         ;
; HPS_ISW_FILE                                      ; hps_fpga/synthesis/submodules/hps.pre.xml                              ; --            ; hps_fpga_hps_hps_io_border ; --         ;
; HPS_PARTITION                                     ; On                                                                     ; --            ; hps_fpga_hps_hps_io_border ; --         ;
; MAX_CORE_JUNCTION_TEMP                            ; 85                                                                     ; --            ; --                         ; --         ;
; MIN_CORE_JUNCTION_TEMP                            ; 0                                                                      ; --            ; --                         ; --         ;
; MISC_FILE                                         ; hps_fpga/synthesis/../hps_fpga.cmp                                     ; --            ; --                         ; --         ;
; MISC_FILE                                         ; hps_fpga/synthesis/../../C                                             ; --            ; --                         ; --         ;
; MISC_FILE                                         ; hps_fpga/synthesis/hps_fpga_hps_hps.svd                                ; --            ; --                         ; --         ;
; MISC_FILE                                         ; hps_fpga/synthesis/../../hps_fpga.qsys                                 ; --            ; --                         ; --         ;
; MISC_FILE                                         ; hps_fpga/synthesis/submodules/sequencer/alt_types.pre.h                ; --            ; --                         ; --         ;
; MISC_FILE                                         ; hps_fpga/synthesis/submodules/sequencer/emif.pre.xml                   ; --            ; --                         ; --         ;
; MISC_FILE                                         ; hps_fpga/synthesis/submodules/sequencer/sdram_io.pre.h                 ; --            ; --                         ; --         ;
; MISC_FILE                                         ; hps_fpga/synthesis/submodules/sequencer/sequencer.pre.c                ; --            ; --                         ; --         ;
; MISC_FILE                                         ; hps_fpga/synthesis/submodules/sequencer/sequencer.pre.h                ; --            ; --                         ; --         ;
; MISC_FILE                                         ; hps_fpga/synthesis/submodules/sequencer/sequencer_auto.pre.h           ; --            ; --                         ; --         ;
; MISC_FILE                                         ; hps_fpga/synthesis/submodules/sequencer/sequencer_auto_ac_init.pre.c   ; --            ; --                         ; --         ;
; MISC_FILE                                         ; hps_fpga/synthesis/submodules/sequencer/sequencer_auto_inst_init.pre.c ; --            ; --                         ; --         ;
; MISC_FILE                                         ; hps_fpga/synthesis/submodules/sequencer/sequencer_defines.pre.h        ; --            ; --                         ; --         ;
; MISC_FILE                                         ; hps_fpga/synthesis/submodules/sequencer/system.pre.h                   ; --            ; --                         ; --         ;
; MISC_FILE                                         ; hps_fpga/synthesis/submodules/sequencer/tclrpt.pre.c                   ; --            ; --                         ; --         ;
; MISC_FILE                                         ; hps_fpga/synthesis/submodules/sequencer/tclrpt.pre.h                   ; --            ; --                         ; --         ;
; MISC_FILE                                         ; hps_fpga/synthesis/submodules/hps.pre.xml                              ; --            ; --                         ; --         ;
; MISC_FILE                                         ; audio_nios/synthesis/../audio_nios.cmp                                 ; --            ; --                         ; --         ;
; MISC_FILE                                         ; audio_nios/synthesis/../../audio_nios.qsys                             ; --            ; --                         ; --         ;
; PARTITION_COLOR                                   ; 16764057                                                               ; --            ; --                         ; Top        ;
; PARTITION_FITTER_PRESERVATION_LEVEL               ; PLACEMENT_AND_ROUTING                                                  ; --            ; --                         ; Top        ;
; PARTITION_NETLIST_TYPE                            ; SOURCE                                                                 ; --            ; --                         ; Top        ;
; PHYSICAL_SYNTHESIS_ASYNCHRONOUS_SIGNAL_PIPELINING ; On                                                                     ; Off           ; --                         ; --         ;
; PHYSICAL_SYNTHESIS_COMBO_LOGIC                    ; On                                                                     ; Off           ; --                         ; --         ;
; PHYSICAL_SYNTHESIS_REGISTER_DUPLICATION           ; On                                                                     ; Off           ; --                         ; --         ;
; PHYSICAL_SYNTHESIS_REGISTER_RETIMING              ; On                                                                     ; Off           ; --                         ; --         ;
; POWER_BOARD_THERMAL_MODEL                         ; None (CONSERVATIVE)                                                    ; --            ; --                         ; --         ;
; POWER_PRESET_COOLING_SOLUTION                     ; 23 MM HEAT SINK WITH 200 LFPM AIRFLOW                                  ; --            ; --                         ; --         ;
; SLD_FILE                                          ; hps_fpga/synthesis/hps_fpga.regmap                                     ; --            ; --                         ; --         ;
; SLD_FILE                                          ; hps_fpga/synthesis/hps_fpga.debuginfo                                  ; --            ; --                         ; --         ;
; SLD_FILE                                          ; audio_nios/synthesis/audio_nios.regmap                                 ; --            ; --                         ; --         ;
; SLD_FILE                                          ; audio_nios/synthesis/audio_nios.debuginfo                              ; --            ; --                         ; --         ;
; SLD_INFO                                          ; QSYS_NAME audio_nios HAS_SOPCINFO 1 GENERATION_ID 1465263482           ; --            ; audio_nios                 ; --         ;
; SLD_INFO                                          ; QSYS_NAME hps_fpga HAS_SOPCINFO 1 GENERATION_ID 1465264842             ; --            ; hps_fpga                   ; --         ;
; SOPCINFO_FILE                                     ; hps_fpga/synthesis/../../hps_fpga.sopcinfo                             ; --            ; --                         ; --         ;
; SOPCINFO_FILE                                     ; audio_nios/synthesis/../../audio_nios.sopcinfo                         ; --            ; --                         ; --         ;
; SYNTHESIS_ONLY_QIP                                ; On                                                                     ; --            ; --                         ; --         ;
; SYNTHESIS_ONLY_QIP                                ; On                                                                     ; --            ; --                         ; --         ;
+---------------------------------------------------+------------------------------------------------------------------------+---------------+----------------------------+------------+


+--------------------------------------------------------------------------------------------------------------------------+
; Flow Elapsed Time                                                                                                        ;
+----------------------+--------------+-------------------------+---------------------+------------------------------------+
; Module Name          ; Elapsed Time ; Average Processors Used ; Peak Virtual Memory ; Total CPU Time (on all processors) ;
+----------------------+--------------+-------------------------+---------------------+------------------------------------+
; Analysis & Synthesis ; 00:01:32     ; 1.0                     ; 1338 MB             ; 00:01:58                           ;
; Fitter               ; 00:05:10     ; 1.5                     ; 3632 MB             ; 00:07:22                           ;
; Assembler            ; 00:00:19     ; 1.0                     ; 931 MB              ; 00:00:20                           ;
; Total                ; 00:07:01     ; --                      ; --                  ; 00:09:40                           ;
+----------------------+--------------+-------------------------+---------------------+------------------------------------+


+-----------------------------------------------------------------------------------+
; Flow OS Summary                                                                   ;
+----------------------+------------------+-----------+------------+----------------+
; Module Name          ; Machine Hostname ; OS Name   ; OS Version ; Processor type ;
+----------------------+------------------+-----------+------------+----------------+
; Analysis & Synthesis ; DESKTOP-E71KTQ7  ; Windows 7 ; 6.2        ; x86_64         ;
; Fitter               ; DESKTOP-E71KTQ7  ; Windows 7 ; 6.2        ; x86_64         ;
; Assembler            ; DESKTOP-E71KTQ7  ; Windows 7 ; 6.2        ; x86_64         ;
+----------------------+------------------+-----------+------------+----------------+


------------
; Flow Log ;
------------
quartus_map --read_settings_files=on --write_settings_files=off DE1_SoC_Audio -c DE1_SoC_Audio
quartus_fit --read_settings_files=off --write_settings_files=off DE1_SoC_Audio -c DE1_SoC_Audio
quartus_asm --read_settings_files=off --write_settings_files=off DE1_SoC_Audio -c DE1_SoC_Audio



