Info: Starting: Create block symbol file (.bsf)
Info: qsys-generate C:\DE1_SoC_Audio\audio_nios.qsys --block-symbol-file --output-directory=C:\DE1_SoC_Audio\audio_nios --family="Cyclone V" --part=5CSEMA5F31C6
Progress: Loading DE1_SoC_Audio/audio_nios.qsys
Progress: Reading input file
Progress: Adding altpll_audio [altera_pll 15.0]
Progress: Parameterizing module altpll_audio
Progress: Adding audio [AUDIO_IF 1.0]
Progress: Parameterizing module audio
Progress: Adding clk_50 [clock_source 15.0]
Progress: Parameterizing module clk_50
Progress: Adding cpu [altera_nios2_qsys 15.0]
Progress: Parameterizing module cpu
Progress: Adding cpu_peripheral_bridge [altera_avalon_mm_clock_crossing_bridge 15.0]
Progress: Parameterizing module cpu_peripheral_bridge
Progress: Adding i2c_scl [altera_avalon_pio 15.0]
Progress: Parameterizing module i2c_scl
Progress: Adding i2c_sda [altera_avalon_pio 15.0]
Progress: Parameterizing module i2c_sda
Progress: Adding jtag_uart [altera_avalon_jtag_uart 15.0]
Progress: Parameterizing module jtag_uart
Progress: Adding key [altera_avalon_pio 15.0]
Progress: Parameterizing module key
Progress: Adding onchip_memory2 [altera_avalon_onchip_memory2 15.0]
Progress: Parameterizing module onchip_memory2
Progress: Adding pio_led [altera_avalon_pio 15.0]
Progress: Parameterizing module pio_led
Progress: Adding pll [altera_pll 15.0]
Progress: Parameterizing module pll
Progress: Adding sdram [altera_avalon_new_sdram_controller 15.0]
Progress: Parameterizing module sdram
Progress: Adding seg7 [SEG7_IF 1.0]
Progress: Parameterizing module seg7
Progress: Adding sw [altera_avalon_pio 15.0]
Progress: Parameterizing module sw
Progress: Adding sysid_qsys [altera_avalon_sysid_qsys 15.0]
Progress: Parameterizing module sysid_qsys
Progress: Adding timer [altera_avalon_timer 15.0]
Progress: Parameterizing module timer
Progress: Building connections
Progress: Parameterizing connections
Progress: Validating
Progress: Done reading input file
Info: audio_nios.altpll_audio: The legal reference clock frequency is 50.0 MHz..800.0 MHz
Info: audio_nios.altpll_audio: Able to implement PLL with user settings
Warning: audio_nios.cpu: Nios II Classic cores are now superseded by improved Gen 2 cores.
Info: audio_nios.i2c_sda: PIO inputs are not hardwired in test bench. Undefined values will be read from PIO inputs during simulation.
Info: audio_nios.key: PIO inputs are not hardwired in test bench. Undefined values will be read from PIO inputs during simulation.
Info: audio_nios.pll: The legal reference clock frequency is 5.0 MHz..800.0 MHz
Info: audio_nios.pll: Able to implement PLL with user settings
Info: audio_nios.sw: PIO inputs are not hardwired in test bench. Undefined values will be read from PIO inputs during simulation.
Info: audio_nios.sysid_qsys: System ID is not assigned automatically. Edit the System ID parameter to provide a unique ID
Info: audio_nios.sysid_qsys: Time stamp will be automatically updated when this component is generated.
Info: ip-generate succeeded.
Info: Finished: Create block symbol file (.bsf)
Info: 
Info: Starting: Create HDL design files for synthesis
Info: qsys-generate C:\DE1_SoC_Audio\audio_nios.qsys --synthesis=VERILOG --output-directory=C:\DE1_SoC_Audio\audio_nios\synthesis --family="Cyclone V" --part=5CSEMA5F31C6
Progress: Loading DE1_SoC_Audio/audio_nios.qsys
Progress: Reading input file
Progress: Adding altpll_audio [altera_pll 15.0]
Progress: Parameterizing module altpll_audio
Progress: Adding audio [AUDIO_IF 1.0]
Progress: Parameterizing module audio
Progress: Adding clk_50 [clock_source 15.0]
Progress: Parameterizing module clk_50
Progress: Adding cpu [altera_nios2_qsys 15.0]
Progress: Parameterizing module cpu
Progress: Adding cpu_peripheral_bridge [altera_avalon_mm_clock_crossing_bridge 15.0]
Progress: Parameterizing module cpu_peripheral_bridge
Progress: Adding i2c_scl [altera_avalon_pio 15.0]
Progress: Parameterizing module i2c_scl
Progress: Adding i2c_sda [altera_avalon_pio 15.0]
Progress: Parameterizing module i2c_sda
Progress: Adding jtag_uart [altera_avalon_jtag_uart 15.0]
Progress: Parameterizing module jtag_uart
Progress: Adding key [altera_avalon_pio 15.0]
Progress: Parameterizing module key
Progress: Adding onchip_memory2 [altera_avalon_onchip_memory2 15.0]
Progress: Parameterizing module onchip_memory2
Progress: Adding pio_led [altera_avalon_pio 15.0]
Progress: Parameterizing module pio_led
Progress: Adding pll [altera_pll 15.0]
Progress: Parameterizing module pll
Progress: Adding sdram [altera_avalon_new_sdram_controller 15.0]
Progress: Parameterizing module sdram
Progress: Adding seg7 [SEG7_IF 1.0]
Progress: Parameterizing module seg7
Progress: Adding sw [altera_avalon_pio 15.0]
Progress: Parameterizing module sw
Progress: Adding sysid_qsys [altera_avalon_sysid_qsys 15.0]
Progress: Parameterizing module sysid_qsys
Progress: Adding timer [altera_avalon_timer 15.0]
Progress: Parameterizing module timer
Progress: Building connections
Progress: Parameterizing connections
Progress: Validating
Progress: Done reading input file
Info: audio_nios.altpll_audio: The legal reference clock frequency is 50.0 MHz..800.0 MHz
Info: audio_nios.altpll_audio: Able to implement PLL with user settings
Warning: audio_nios.cpu: Nios II Classic cores are now superseded by improved Gen 2 cores.
Info: audio_nios.i2c_sda: PIO inputs are not hardwired in test bench. Undefined values will be read from PIO inputs during simulation.
Info: audio_nios.key: PIO inputs are not hardwired in test bench. Undefined values will be read from PIO inputs during simulation.
Info: audio_nios.pll: The legal reference clock frequency is 5.0 MHz..800.0 MHz
Info: audio_nios.pll: Able to implement PLL with user settings
Info: audio_nios.sw: PIO inputs are not hardwired in test bench. Undefined values will be read from PIO inputs during simulation.
Info: audio_nios.sysid_qsys: System ID is not assigned automatically. Edit the System ID parameter to provide a unique ID
Info: audio_nios.sysid_qsys: Time stamp will be automatically updated when this component is generated.
Info: audio_nios: Generating audio_nios "audio_nios" for QUARTUS_SYNTH
Info: Inserting clock-crossing logic between cmd_demux.src1 and cmd_mux_001.sink0
Info: Inserting clock-crossing logic between rsp_demux_001.src0 and rsp_mux.sink1
Info: altpll_audio: "audio_nios" instantiated altera_pll "altpll_audio"
Info: audio: "audio_nios" instantiated AUDIO_IF "audio"
Info: cpu: Starting RTL generation for module 'audio_nios_cpu'
Info: cpu:   Generation command is [exec C:/altera/15.0/quartus/bin64/eperlcmd.exe -I C:/altera/15.0/quartus/bin64/perl/lib -I C:/altera/15.0/quartus/sopc_builder/bin/europa -I C:/altera/15.0/quartus/sopc_builder/bin/perl_lib -I C:/altera/15.0/quartus/sopc_builder/bin -I C:/altera/15.0/quartus/../ip/altera/nios2_ip/altera_nios2/cpu_lib -I C:/altera/15.0/quartus/../ip/altera/nios2_ip/altera_nios2/nios_lib -I C:/altera/15.0/quartus/../ip/altera/nios2_ip/altera_nios2 -I C:/altera/15.0/quartus/../ip/altera/nios2_ip/altera_nios2 -- C:/altera/15.0/quartus/../ip/altera/nios2_ip/altera_nios2/generate_rtl.epl --name=audio_nios_cpu --dir=C:/Users/jdani/AppData/Local/Temp/alt6959_172238297541235437.dir/0003_cpu_gen/ --quartus_bindir=C:/altera/15.0/quartus/bin64 --verilog --config=C:/Users/jdani/AppData/Local/Temp/alt6959_172238297541235437.dir/0003_cpu_gen//audio_nios_cpu_processor_configuration.pl  --do_build_sim=0  ]
Info: cpu: # 2016.06.06 20:36:00 (*) Starting Nios II generation
Info: cpu: # 2016.06.06 20:36:00 (*)   Checking for plaintext license.
Info: cpu: # 2016.06.06 20:36:02 (*)   Couldn't query license setup in Quartus directory C:/altera/15.0/quartus/bin64
Info: cpu: # 2016.06.06 20:36:02 (*)   Defaulting to contents of LM_LICENSE_FILE environment variable
Info: cpu: # 2016.06.06 20:36:02 (*)   LM_LICENSE_FILE environment variable is empty
Info: cpu: # 2016.06.06 20:36:02 (*)   Plaintext license not found.
Info: cpu: # 2016.06.06 20:36:02 (*)   Checking for encrypted license (non-evaluation).
Info: cpu: # 2016.06.06 20:36:03 (*)   Couldn't query license setup in Quartus directory C:/altera/15.0/quartus/bin64
Info: cpu: # 2016.06.06 20:36:03 (*)   Defaulting to contents of LM_LICENSE_FILE environment variable
Info: cpu: # 2016.06.06 20:36:03 (*)   LM_LICENSE_FILE environment variable is empty
Info: cpu: # 2016.06.06 20:36:03 (*)   Encrypted license not found.  Defaulting to OCP evaluation license (produces a time-limited SOF)
Info: cpu: # 2016.06.06 20:36:03 (*)   Elaborating CPU configuration settings
Info: cpu: # 2016.06.06 20:36:03 (*)   Creating all objects for CPU
Info: cpu: # 2016.06.06 20:36:03 (*)     Testbench
Info: cpu: # 2016.06.06 20:36:03 (*)     Instruction decoding
Info: cpu: # 2016.06.06 20:36:03 (*)       Instruction fields
Info: cpu: # 2016.06.06 20:36:04 (*)       Instruction decodes
Info: cpu: # 2016.06.06 20:36:04 (*)       Signals for RTL simulation waveforms
Info: cpu: # 2016.06.06 20:36:04 (*)       Instruction controls
Info: cpu: # 2016.06.06 20:36:04 (*)     Pipeline frontend
Info: cpu: # 2016.06.06 20:36:04 (*)     Pipeline backend
Info: cpu: # 2016.06.06 20:36:06 (*)   Generating RTL from CPU objects
Info: cpu: # 2016.06.06 20:36:08 (*)   Creating encrypted RTL
Info: cpu: # 2016.06.06 20:36:09 (*) Done Nios II generation
Info: cpu: Done RTL generation for module 'audio_nios_cpu'
Info: cpu: "audio_nios" instantiated altera_nios2_qsys "cpu"
Info: cpu_peripheral_bridge: "audio_nios" instantiated altera_avalon_mm_clock_crossing_bridge "cpu_peripheral_bridge"
Info: i2c_scl: Starting RTL generation for module 'audio_nios_i2c_scl'
Info: i2c_scl:   Generation command is [exec C:/altera/15.0/quartus/bin64/perl/bin/perl.exe -I C:/altera/15.0/quartus/bin64/perl/lib -I C:/altera/15.0/quartus/sopc_builder/bin/europa -I C:/altera/15.0/quartus/sopc_builder/bin/perl_lib -I C:/altera/15.0/quartus/sopc_builder/bin -I C:/altera/15.0/quartus/../ip/altera/sopc_builder_ip/common -I C:/altera/15.0/quartus/../ip/altera/sopc_builder_ip/altera_avalon_pio -- C:/altera/15.0/quartus/../ip/altera/sopc_builder_ip/altera_avalon_pio/generate_rtl.pl --name=audio_nios_i2c_scl --dir=C:/Users/jdani/AppData/Local/Temp/alt6959_172238297541235437.dir/0004_i2c_scl_gen/ --quartus_dir=C:/altera/15.0/quartus --verilog --config=C:/Users/jdani/AppData/Local/Temp/alt6959_172238297541235437.dir/0004_i2c_scl_gen//audio_nios_i2c_scl_component_configuration.pl  --do_build_sim=0  ]
Info: i2c_scl: Done RTL generation for module 'audio_nios_i2c_scl'
Info: i2c_scl: "audio_nios" instantiated altera_avalon_pio "i2c_scl"
Info: i2c_sda: Starting RTL generation for module 'audio_nios_i2c_sda'
Info: i2c_sda:   Generation command is [exec C:/altera/15.0/quartus/bin64/perl/bin/perl.exe -I C:/altera/15.0/quartus/bin64/perl/lib -I C:/altera/15.0/quartus/sopc_builder/bin/europa -I C:/altera/15.0/quartus/sopc_builder/bin/perl_lib -I C:/altera/15.0/quartus/sopc_builder/bin -I C:/altera/15.0/quartus/../ip/altera/sopc_builder_ip/common -I C:/altera/15.0/quartus/../ip/altera/sopc_builder_ip/altera_avalon_pio -- C:/altera/15.0/quartus/../ip/altera/sopc_builder_ip/altera_avalon_pio/generate_rtl.pl --name=audio_nios_i2c_sda --dir=C:/Users/jdani/AppData/Local/Temp/alt6959_172238297541235437.dir/0005_i2c_sda_gen/ --quartus_dir=C:/altera/15.0/quartus --verilog --config=C:/Users/jdani/AppData/Local/Temp/alt6959_172238297541235437.dir/0005_i2c_sda_gen//audio_nios_i2c_sda_component_configuration.pl  --do_build_sim=0  ]
Info: i2c_sda: Done RTL generation for module 'audio_nios_i2c_sda'
Info: i2c_sda: "audio_nios" instantiated altera_avalon_pio "i2c_sda"
Info: jtag_uart: Starting RTL generation for module 'audio_nios_jtag_uart'
Info: jtag_uart:   Generation command is [exec C:/altera/15.0/quartus/bin64/perl/bin/perl.exe -I C:/altera/15.0/quartus/bin64/perl/lib -I C:/altera/15.0/quartus/sopc_builder/bin/europa -I C:/altera/15.0/quartus/sopc_builder/bin/perl_lib -I C:/altera/15.0/quartus/sopc_builder/bin -I C:/altera/15.0/quartus/../ip/altera/sopc_builder_ip/common -I C:/altera/15.0/quartus/../ip/altera/sopc_builder_ip/altera_avalon_jtag_uart -- C:/altera/15.0/quartus/../ip/altera/sopc_builder_ip/altera_avalon_jtag_uart/generate_rtl.pl --name=audio_nios_jtag_uart --dir=C:/Users/jdani/AppData/Local/Temp/alt6959_172238297541235437.dir/0006_jtag_uart_gen/ --quartus_dir=C:/altera/15.0/quartus --verilog --config=C:/Users/jdani/AppData/Local/Temp/alt6959_172238297541235437.dir/0006_jtag_uart_gen//audio_nios_jtag_uart_component_configuration.pl  --do_build_sim=0  ]
Info: jtag_uart: Done RTL generation for module 'audio_nios_jtag_uart'
Info: jtag_uart: "audio_nios" instantiated altera_avalon_jtag_uart "jtag_uart"
Info: key: Starting RTL generation for module 'audio_nios_key'
Info: key:   Generation command is [exec C:/altera/15.0/quartus/bin64/perl/bin/perl.exe -I C:/altera/15.0/quartus/bin64/perl/lib -I C:/altera/15.0/quartus/sopc_builder/bin/europa -I C:/altera/15.0/quartus/sopc_builder/bin/perl_lib -I C:/altera/15.0/quartus/sopc_builder/bin -I C:/altera/15.0/quartus/../ip/altera/sopc_builder_ip/common -I C:/altera/15.0/quartus/../ip/altera/sopc_builder_ip/altera_avalon_pio -- C:/altera/15.0/quartus/../ip/altera/sopc_builder_ip/altera_avalon_pio/generate_rtl.pl --name=audio_nios_key --dir=C:/Users/jdani/AppData/Local/Temp/alt6959_172238297541235437.dir/0007_key_gen/ --quartus_dir=C:/altera/15.0/quartus --verilog --config=C:/Users/jdani/AppData/Local/Temp/alt6959_172238297541235437.dir/0007_key_gen//audio_nios_key_component_configuration.pl  --do_build_sim=0  ]
Info: key: Done RTL generation for module 'audio_nios_key'
Info: key: "audio_nios" instantiated altera_avalon_pio "key"
Info: onchip_memory2: Starting RTL generation for module 'audio_nios_onchip_memory2'
Info: onchip_memory2:   Generation command is [exec C:/altera/15.0/quartus/bin64/perl/bin/perl.exe -I C:/altera/15.0/quartus/bin64/perl/lib -I C:/altera/15.0/quartus/sopc_builder/bin/europa -I C:/altera/15.0/quartus/sopc_builder/bin/perl_lib -I C:/altera/15.0/quartus/sopc_builder/bin -I C:/altera/15.0/quartus/../ip/altera/sopc_builder_ip/common -I C:/altera/15.0/quartus/../ip/altera/sopc_builder_ip/altera_avalon_onchip_memory2 -- C:/altera/15.0/quartus/../ip/altera/sopc_builder_ip/altera_avalon_onchip_memory2/generate_rtl.pl --name=audio_nios_onchip_memory2 --dir=C:/Users/jdani/AppData/Local/Temp/alt6959_172238297541235437.dir/0008_onchip_memory2_gen/ --quartus_dir=C:/altera/15.0/quartus --verilog --config=C:/Users/jdani/AppData/Local/Temp/alt6959_172238297541235437.dir/0008_onchip_memory2_gen//audio_nios_onchip_memory2_component_configuration.pl  --do_build_sim=0  ]
Info: onchip_memory2: Done RTL generation for module 'audio_nios_onchip_memory2'
Info: onchip_memory2: "audio_nios" instantiated altera_avalon_onchip_memory2 "onchip_memory2"
Info: pio_led: Starting RTL generation for module 'audio_nios_pio_led'
Info: pio_led:   Generation command is [exec C:/altera/15.0/quartus/bin64/perl/bin/perl.exe -I C:/altera/15.0/quartus/bin64/perl/lib -I C:/altera/15.0/quartus/sopc_builder/bin/europa -I C:/altera/15.0/quartus/sopc_builder/bin/perl_lib -I C:/altera/15.0/quartus/sopc_builder/bin -I C:/altera/15.0/quartus/../ip/altera/sopc_builder_ip/common -I C:/altera/15.0/quartus/../ip/altera/sopc_builder_ip/altera_avalon_pio -- C:/altera/15.0/quartus/../ip/altera/sopc_builder_ip/altera_avalon_pio/generate_rtl.pl --name=audio_nios_pio_led --dir=C:/Users/jdani/AppData/Local/Temp/alt6959_172238297541235437.dir/0009_pio_led_gen/ --quartus_dir=C:/altera/15.0/quartus --verilog --config=C:/Users/jdani/AppData/Local/Temp/alt6959_172238297541235437.dir/0009_pio_led_gen//audio_nios_pio_led_component_configuration.pl  --do_build_sim=0  ]
Info: pio_led: Done RTL generation for module 'audio_nios_pio_led'
Info: pio_led: "audio_nios" instantiated altera_avalon_pio "pio_led"
Info: pll: "audio_nios" instantiated altera_pll "pll"
Info: sdram: Starting RTL generation for module 'audio_nios_sdram'
Info: sdram:   Generation command is [exec C:/altera/15.0/quartus/bin64/perl/bin/perl.exe -I C:/altera/15.0/quartus/bin64/perl/lib -I C:/altera/15.0/quartus/sopc_builder/bin/europa -I C:/altera/15.0/quartus/sopc_builder/bin/perl_lib -I C:/altera/15.0/quartus/sopc_builder/bin -I C:/altera/15.0/quartus/../ip/altera/sopc_builder_ip/common -I C:/altera/15.0/quartus/../ip/altera/sopc_builder_ip/altera_avalon_new_sdram_controller -- C:/altera/15.0/quartus/../ip/altera/sopc_builder_ip/altera_avalon_new_sdram_controller/generate_rtl.pl --name=audio_nios_sdram --dir=C:/Users/jdani/AppData/Local/Temp/alt6959_172238297541235437.dir/0011_sdram_gen/ --quartus_dir=C:/altera/15.0/quartus --verilog --config=C:/Users/jdani/AppData/Local/Temp/alt6959_172238297541235437.dir/0011_sdram_gen//audio_nios_sdram_component_configuration.pl  --do_build_sim=0  ]
Info: sdram: Done RTL generation for module 'audio_nios_sdram'
Info: sdram: "audio_nios" instantiated altera_avalon_new_sdram_controller "sdram"
Info: seg7: "audio_nios" instantiated SEG7_IF "seg7"
Info: sw: Starting RTL generation for module 'audio_nios_sw'
Info: sw:   Generation command is [exec C:/altera/15.0/quartus/bin64/perl/bin/perl.exe -I C:/altera/15.0/quartus/bin64/perl/lib -I C:/altera/15.0/quartus/sopc_builder/bin/europa -I C:/altera/15.0/quartus/sopc_builder/bin/perl_lib -I C:/altera/15.0/quartus/sopc_builder/bin -I C:/altera/15.0/quartus/../ip/altera/sopc_builder_ip/common -I C:/altera/15.0/quartus/../ip/altera/sopc_builder_ip/altera_avalon_pio -- C:/altera/15.0/quartus/../ip/altera/sopc_builder_ip/altera_avalon_pio/generate_rtl.pl --name=audio_nios_sw --dir=C:/Users/jdani/AppData/Local/Temp/alt6959_172238297541235437.dir/0013_sw_gen/ --quartus_dir=C:/altera/15.0/quartus --verilog --config=C:/Users/jdani/AppData/Local/Temp/alt6959_172238297541235437.dir/0013_sw_gen//audio_nios_sw_component_configuration.pl  --do_build_sim=0  ]
Info: sw: Done RTL generation for module 'audio_nios_sw'
Info: sw: "audio_nios" instantiated altera_avalon_pio "sw"
Info: sysid_qsys: "audio_nios" instantiated altera_avalon_sysid_qsys "sysid_qsys"
Info: timer: Starting RTL generation for module 'audio_nios_timer'
Info: timer:   Generation command is [exec C:/altera/15.0/quartus/bin64//perl/bin/perl.exe -I C:/altera/15.0/quartus/bin64//perl/lib -I C:/altera/15.0/quartus/sopc_builder/bin/europa -I C:/altera/15.0/quartus/sopc_builder/bin/perl_lib -I C:/altera/15.0/quartus/sopc_builder/bin -I C:/altera/15.0/quartus/../ip/altera/sopc_builder_ip/common -I C:/altera/15.0/quartus/../ip/altera/sopc_builder_ip/altera_avalon_timer -- C:/altera/15.0/quartus/../ip/altera/sopc_builder_ip/altera_avalon_timer/generate_rtl.pl --name=audio_nios_timer --dir=C:/Users/jdani/AppData/Local/Temp/alt6959_172238297541235437.dir/0015_timer_gen/ --quartus_dir=C:/altera/15.0/quartus --verilog --config=C:/Users/jdani/AppData/Local/Temp/alt6959_172238297541235437.dir/0015_timer_gen//audio_nios_timer_component_configuration.pl  --do_build_sim=0  ]
Info: timer: Done RTL generation for module 'audio_nios_timer'
Info: timer: "audio_nios" instantiated altera_avalon_timer "timer"
Info: avalon_st_adapter: Inserting error_adapter: error_adapter_0
Info: avalon_st_adapter_001: Inserting error_adapter: error_adapter_0
Info: avalon_st_adapter_002: Inserting error_adapter: error_adapter_0
Info: avalon_st_adapter_003: Inserting error_adapter: error_adapter_0
Info: avalon_st_adapter_004: Inserting error_adapter: error_adapter_0
Info: avalon_st_adapter_005: Inserting error_adapter: error_adapter_0
Info: avalon_st_adapter_006: Inserting error_adapter: error_adapter_0
Info: avalon_st_adapter_007: Inserting error_adapter: error_adapter_0
Info: mm_interconnect_0: "audio_nios" instantiated altera_mm_interconnect "mm_interconnect_0"
Info: avalon_st_adapter: Inserting error_adapter: error_adapter_0
Info: avalon_st_adapter_001: Inserting error_adapter: error_adapter_0
Info: avalon_st_adapter_002: Inserting error_adapter: error_adapter_0
Info: avalon_st_adapter_003: Inserting error_adapter: error_adapter_0
Info: avalon_st_adapter_004: Inserting error_adapter: error_adapter_0
Info: avalon_st_adapter_005: Inserting error_adapter: error_adapter_0
Info: mm_interconnect_1: "audio_nios" instantiated altera_mm_interconnect "mm_interconnect_1"
Info: irq_mapper: "audio_nios" instantiated altera_irq_mapper "irq_mapper"
Info: irq_synchronizer: "audio_nios" instantiated altera_irq_clock_crosser "irq_synchronizer"
Info: rst_controller: "audio_nios" instantiated altera_reset_controller "rst_controller"
Info: cpu_data_master_translator: "mm_interconnect_0" instantiated altera_merlin_master_translator "cpu_data_master_translator"
Info: jtag_uart_avalon_jtag_slave_translator: "mm_interconnect_0" instantiated altera_merlin_slave_translator "jtag_uart_avalon_jtag_slave_translator"
Info: cpu_data_master_agent: "mm_interconnect_0" instantiated altera_merlin_master_agent "cpu_data_master_agent"
Info: jtag_uart_avalon_jtag_slave_agent: "mm_interconnect_0" instantiated altera_merlin_slave_agent "jtag_uart_avalon_jtag_slave_agent"
Info: jtag_uart_avalon_jtag_slave_agent_rsp_fifo: "mm_interconnect_0" instantiated altera_avalon_sc_fifo "jtag_uart_avalon_jtag_slave_agent_rsp_fifo"
Info: router: "mm_interconnect_0" instantiated altera_merlin_router "router"
Info: router_001: "mm_interconnect_0" instantiated altera_merlin_router "router_001"
Info: router_002: "mm_interconnect_0" instantiated altera_merlin_router "router_002"
Info: router_005: "mm_interconnect_0" instantiated altera_merlin_router "router_005"
Info: router_007: "mm_interconnect_0" instantiated altera_merlin_router "router_007"
Info: cpu_data_master_limiter: "mm_interconnect_0" instantiated altera_merlin_traffic_limiter "cpu_data_master_limiter"
Info: Reusing file C:/DE1_SoC_Audio/audio_nios/synthesis/submodules/altera_avalon_sc_fifo.v
Info: sdram_s1_burst_adapter: "mm_interconnect_0" instantiated altera_merlin_burst_adapter "sdram_s1_burst_adapter"
Info: Reusing file C:/DE1_SoC_Audio/audio_nios/synthesis/submodules/altera_avalon_st_pipeline_base.v
Info: cmd_demux: "mm_interconnect_0" instantiated altera_merlin_demultiplexer "cmd_demux"
Info: cmd_demux_001: "mm_interconnect_0" instantiated altera_merlin_demultiplexer "cmd_demux_001"
Info: cmd_mux: "mm_interconnect_0" instantiated altera_merlin_multiplexer "cmd_mux"
Info: cmd_mux_003: "mm_interconnect_0" instantiated altera_merlin_multiplexer "cmd_mux_003"
Info: Reusing file C:/DE1_SoC_Audio/audio_nios/synthesis/submodules/altera_merlin_arbitrator.sv
Info: rsp_demux: "mm_interconnect_0" instantiated altera_merlin_demultiplexer "rsp_demux"
Info: rsp_demux_001: "mm_interconnect_0" instantiated altera_merlin_demultiplexer "rsp_demux_001"
Info: rsp_demux_003: "mm_interconnect_0" instantiated altera_merlin_demultiplexer "rsp_demux_003"
Info: rsp_mux: "mm_interconnect_0" instantiated altera_merlin_multiplexer "rsp_mux"
Info: Reusing file C:/DE1_SoC_Audio/audio_nios/synthesis/submodules/altera_merlin_arbitrator.sv
Info: rsp_mux_001: "mm_interconnect_0" instantiated altera_merlin_multiplexer "rsp_mux_001"
Info: Reusing file C:/DE1_SoC_Audio/audio_nios/synthesis/submodules/altera_merlin_arbitrator.sv
Info: sdram_s1_rsp_width_adapter: "mm_interconnect_0" instantiated altera_merlin_width_adapter "sdram_s1_rsp_width_adapter"
Info: Reusing file C:/DE1_SoC_Audio/audio_nios/synthesis/submodules/altera_merlin_address_alignment.sv
Info: Reusing file C:/DE1_SoC_Audio/audio_nios/synthesis/submodules/altera_merlin_burst_uncompressor.sv
Info: crosser: "mm_interconnect_0" instantiated altera_avalon_st_handshake_clock_crosser "crosser"
Info: Reusing file C:/DE1_SoC_Audio/audio_nios/synthesis/submodules/altera_avalon_st_pipeline_base.v
Info: avalon_st_adapter: "mm_interconnect_0" instantiated altera_avalon_st_adapter "avalon_st_adapter"
Info: avalon_st_adapter_005: "mm_interconnect_0" instantiated altera_avalon_st_adapter "avalon_st_adapter_005"
Info: router: "mm_interconnect_1" instantiated altera_merlin_router "router"
Info: router_001: "mm_interconnect_1" instantiated altera_merlin_router "router_001"
Info: cmd_demux: "mm_interconnect_1" instantiated altera_merlin_demultiplexer "cmd_demux"
Info: cmd_mux: "mm_interconnect_1" instantiated altera_merlin_multiplexer "cmd_mux"
Info: Reusing file C:/DE1_SoC_Audio/audio_nios/synthesis/submodules/altera_merlin_arbitrator.sv
Info: rsp_demux: "mm_interconnect_1" instantiated altera_merlin_demultiplexer "rsp_demux"
Info: rsp_mux: "mm_interconnect_1" instantiated altera_merlin_multiplexer "rsp_mux"
Info: Reusing file C:/DE1_SoC_Audio/audio_nios/synthesis/submodules/altera_merlin_arbitrator.sv
Info: error_adapter_0: "avalon_st_adapter" instantiated error_adapter "error_adapter_0"
Info: error_adapter_0: "avalon_st_adapter_005" instantiated error_adapter "error_adapter_0"
Info: audio_nios: Done "audio_nios" with 55 modules, 92 files
Info: ip-generate succeeded.
Info: Finished: Create HDL design files for synthesis
