16:35:06 **** Build of configuration Debug for project FFT_LIB ****
make all 
'Building file: ../fbit_rev.c'
'Invoking: GCC C Compiler 4 [arm-linux-gnueabihf]'
arm-linux-gnueabihf-gcc -I"C:\altera\15.0\embedded\ip\altera\hps\altera_hps\hwlib\include" -I"C:\altera\15.0\embedded\ip\altera\hps\altera_hps\hwlib\include\soc_cv_av\socal" -O0 -g3 -Wall -c -fmessage-length=0 -MMD -MP -MF"fbit_rev.d" -MT"fbit_rev.d" -o "fbit_rev.o" "../fbit_rev.c"
'Finished building: ../fbit_rev.c'
' '
'Building file: ../fft_float.c'
'Invoking: GCC C Compiler 4 [arm-linux-gnueabihf]'
arm-linux-gnueabihf-gcc -I"C:\altera\15.0\embedded\ip\altera\hps\altera_hps\hwlib\include" -I"C:\altera\15.0\embedded\ip\altera\hps\altera_hps\hwlib\include\soc_cv_av\socal" -O0 -g3 -Wall -c -fmessage-length=0 -MMD -MP -MF"fft_float.d" -MT"fft_float.d" -o "fft_float.o" "../fft_float.c"
'Finished building: ../fft_float.c'
' '
'Building file: ../main.c'
'Invoking: GCC C Compiler 4 [arm-linux-gnueabihf]'
arm-linux-gnueabihf-gcc -I"C:\altera\15.0\embedded\ip\altera\hps\altera_hps\hwlib\include" -I"C:\altera\15.0\embedded\ip\altera\hps\altera_hps\hwlib\include\soc_cv_av\socal" -O0 -g3 -Wall -c -fmessage-length=0 -MMD -MP -MF"main.d" -MT"main.d" -o "main.o" "../main.c"
'Finished building: ../main.c'
' '
'Building target: FFT_LIB'
'Invoking: GCC C Linker 4 [arm-linux-gnueabihf]'
arm-linux-gnueabihf-gcc -lm -o "FFT_LIB"  ./fbit_rev.o ./fft_float.o ./main.o   
'Finished building target: FFT_LIB'
' '

16:35:09 Build Finished (took 3s.131ms)

