17:27:02 **** Build of configuration Debug for project PTHREADS ****
make all 
'Building file: ../filtroFIR.c'
'Invoking: GCC C Compiler 4 [arm-linux-gnueabihf]'
arm-linux-gnueabihf-gcc -I"C:\altera\15.0\embedded\ip\altera\hps\altera_hps\hwlib\include" -I"C:\altera\15.0\embedded\ip\altera\hps\altera_hps\hwlib\include\soc_cv_av\socal" -O0 -g3 -Wall -c -fmessage-length=0 -MMD -MP -MF"filtroFIR.d" -MT"filtroFIR.d" -o "filtroFIR.o" "../filtroFIR.c"
../filtroFIR.c: In function 'calc_FIR_coefs':
../filtroFIR.c:105:5: warning: implicit declaration of function 'cos' [-Wimplicit-function-declaration]
     window_mask = (0.5*(1-cos((2*PI*n)/(N-1))));
     ^
../filtroFIR.c:105:27: warning: incompatible implicit declaration of built-in function 'cos' [enabled by default]
     window_mask = (0.5*(1-cos((2*PI*n)/(N-1))));
                           ^
../filtroFIR.c:114:5: warning: implicit declaration of function 'sin' [-Wimplicit-function-declaration]
     window_mask = ((1-((n-((N-1)/2))/((N-1)/2)))*cos(PI*((n-((N-1)/2))/((N-1)/2)))+(1/PI)*sin(PI*((n-((N-1)/2))/((N-1)/2))));
     ^
../filtroFIR.c:114:91: warning: incompatible implicit declaration of built-in function 'sin' [enabled by default]
     window_mask = ((1-((n-((N-1)/2))/((N-1)/2)))*cos(PI*((n-((N-1)/2))/((N-1)/2)))+(1/PI)*sin(PI*((n-((N-1)/2))/((N-1)/2))));
                                                                                           ^
../filtroFIR.c:130:30: warning: incompatible implicit declaration of built-in function 'sin' [enabled by default]
     not_equal_filter_mask = (sin(Wc1*(n-M))/(PI*(n-M)));
                              ^
../filtroFIR.c: In function 'acc_multi':
../filtroFIR.c:270:8: warning: assignment from incompatible pointer type [enabled by default]
   data1=(float*)&FIR_signal->signal[i+offset+offset2];
        ^
../filtroFIR.c:271:8: warning: assignment from incompatible pointer type [enabled by default]
   data2=(float*)&filtro->coefs[i+offset2];
        ^
In file included from ../filtroFIR.c:13:0:
C:\altera\15.0\embedded\ip\altera\hps\altera_hps\hwlib\include\soc_cv_av\socal/socal.h:126:81: warning: assignment makes integer from pointer without a cast [enabled by default]
 #define alt_write_word(dest, src)       (*ALT_CAST(volatile uint32_t *, (dest)) = (src))
                                                                                 ^
../filtroFIR.c:272:3: note: in expansion of macro 'alt_write_word'
   alt_write_word(val1_addr, data1);
   ^
C:\altera\15.0\embedded\ip\altera\hps\altera_hps\hwlib\include\soc_cv_av\socal/socal.h:126:81: warning: assignment makes integer from pointer without a cast [enabled by default]
 #define alt_write_word(dest, src)       (*ALT_CAST(volatile uint32_t *, (dest)) = (src))
                                                                                 ^
../filtroFIR.c:273:3: note: in expansion of macro 'alt_write_word'
   alt_write_word(val1_addr,data2);
   ^
../filtroFIR.c:278:13: warning: assignment from incompatible pointer type [enabled by default]
  data_result=(float*)&resultado;
             ^
../filtroFIR.c: In function 'apply_FIR_whole_signal_pthreads':
../filtroFIR.c:374:2: warning: implicit declaration of function 'pthread_create' [-Wimplicit-function-declaration]
  pthread_create(&thr[0], NULL, fir_thread, (void *)&tempThreads[0]);
  ^
../filtroFIR.c:379:2: warning: implicit declaration of function 'pthread_join' [-Wimplicit-function-declaration]
  pthread_join(thr[0], NULL);
  ^
../filtroFIR.c: In function 'fir_thread':
../filtroFIR.c:339:1: warning: control reaches end of non-void function [-Wreturn-type]
 }
 ^
'Finished building: ../filtroFIR.c'
' '
'Building file: ../main.c'
'Invoking: GCC C Compiler 4 [arm-linux-gnueabihf]'
arm-linux-gnueabihf-gcc -I"C:\altera\15.0\embedded\ip\altera\hps\altera_hps\hwlib\include" -I"C:\altera\15.0\embedded\ip\altera\hps\altera_hps\hwlib\include\soc_cv_av\socal" -O0 -g3 -Wall -c -fmessage-length=0 -MMD -MP -MF"main.d" -MT"main.d" -o "main.o" "../main.c"
../main.c: In function 'main':
../main.c:98:6: warning: unused variable 'time_cont' [-Wunused-variable]
  int time_cont=0;
      ^
'Finished building: ../main.c'
' '
'Building target: PTHREADS'
'Invoking: GCC C Linker 4 [arm-linux-gnueabihf]'
arm-linux-gnueabihf-gcc -lpthread -lm -o "PTHREADS"  ./filtroFIR.o ./main.o   
'Finished building target: PTHREADS'
' '
