20:30:11 **** Build of configuration Debug for project MEL ****
make all 
'Building file: ../MEL_includes.c'
'Invoking: GCC C Compiler 4 [arm-linux-gnueabihf]'
arm-linux-gnueabihf-gcc -I"C:\altera\15.0\embedded\ip\altera\hps\altera_hps\hwlib\include" -I"C:\altera\15.0\embedded\ip\altera\hps\altera_hps\hwlib\include\soc_cv_av\socal" -O0 -g3 -Wall -c -fmessage-length=0 -MMD -MP -MF"MEL_includes.d" -MT"MEL_includes.d" -o "MEL_includes.o" "../MEL_includes.c"
'Finished building: ../MEL_includes.c'
' '
'Building file: ../fixedptc.c'
'Invoking: GCC C Compiler 4 [arm-linux-gnueabihf]'
arm-linux-gnueabihf-gcc -I"C:\altera\15.0\embedded\ip\altera\hps\altera_hps\hwlib\include" -I"C:\altera\15.0\embedded\ip\altera\hps\altera_hps\hwlib\include\soc_cv_av\socal" -O0 -g3 -Wall -c -fmessage-length=0 -MMD -MP -MF"fixedptc.d" -MT"fixedptc.d" -o "fixedptc.o" "../fixedptc.c"
'Finished building: ../fixedptc.c'
' '
'Building file: ../main.c'
'Invoking: GCC C Compiler 4 [arm-linux-gnueabihf]'
arm-linux-gnueabihf-gcc -I"C:\altera\15.0\embedded\ip\altera\hps\altera_hps\hwlib\include" -I"C:\altera\15.0\embedded\ip\altera\hps\altera_hps\hwlib\include\soc_cv_av\socal" -O0 -g3 -Wall -c -fmessage-length=0 -MMD -MP -MF"main.d" -MT"main.d" -o "main.o" "../main.c"
../main.c: In function 'main':
../main.c:66:1: warning: control reaches end of non-void function [-Wreturn-type]
 }
 ^
'Finished building: ../main.c'
' '
'Building target: MEL'
'Invoking: GCC C Linker 4 [arm-linux-gnueabihf]'
arm-linux-gnueabihf-gcc -lm -lpthread -o "MEL"  ./MEL_includes.o ./fixedptc.o ./main.o   
'Finished building target: MEL'
' '

20:30:12 Build Finished (took 930ms)

