Assembler report for E_Audio
Mon Apr 25 14:52:22 2016
Quartus II 64-Bit Version 15.0.0 Build 145 04/22/2015 SJ Web Edition


---------------------
; Table of Contents ;
---------------------
  1. Legal Notice
  2. Assembler Summary
  3. Assembler Settings
  4. Assembler Generated Files
  5. Assembler Device Options: C:/Users/jeffe/Desktop/Audio/E_Audio.sof
  6. Assembler Messages



----------------
; Legal Notice ;
----------------
Copyright (C) 1991-2015 Altera Corporation. All rights reserved.
Your use of Altera Corporation's design tools, logic functions 
and other software and tools, and its AMPP partner logic 
functions, and any output files from any of the foregoing 
(including device programming or simulation files), and any 
associated documentation or information are expressly subject 
to the terms and conditions of the Altera Program License 
Subscription Agreement, the Altera Quartus II License Agreement,
the Altera MegaCore Function License Agreement, or other 
applicable license agreement, including, without limitation, 
that your use is for the sole purpose of programming logic 
devices manufactured by Altera and sold by Altera or its 
authorized distributors.  Please refer to the applicable 
agreement for further details.



+---------------------------------------------------------------+
; Assembler Summary                                             ;
+-----------------------+---------------------------------------+
; Assembler Status      ; Successful - Mon Apr 25 14:52:22 2016 ;
; Revision Name         ; E_Audio                               ;
; Top-level Entity Name ; E_Audio                               ;
; Family                ; Cyclone V                             ;
; Device                ; 5CSEMA5F31C6                          ;
+-----------------------+---------------------------------------+


+----------------------------------+
; Assembler Settings               ;
+--------+---------+---------------+
; Option ; Setting ; Default Value ;
+--------+---------+---------------+


+------------------------------------------+
; Assembler Generated Files                ;
+------------------------------------------+
; File Name                                ;
+------------------------------------------+
; C:/Users/jeffe/Desktop/Audio/E_Audio.sof ;
+------------------------------------------+


+--------------------------------------------------------------------+
; Assembler Device Options: C:/Users/jeffe/Desktop/Audio/E_Audio.sof ;
+----------------+---------------------------------------------------+
; Option         ; Setting                                           ;
+----------------+---------------------------------------------------+
; Device         ; 5CSEMA5F31C6                                      ;
; JTAG usercode  ; 0x00B4D629                                        ;
; Checksum       ; 0x00B4D629                                        ;
+----------------+---------------------------------------------------+


+--------------------+
; Assembler Messages ;
+--------------------+
Info: *******************************************************************
Info: Running Quartus II 64-Bit Assembler
    Info: Version 15.0.0 Build 145 04/22/2015 SJ Web Edition
    Info: Processing started: Mon Apr 25 14:52:05 2016
Info: Command: quartus_asm --read_settings_files=off --write_settings_files=off E_Audio -c E_Audio
Warning (125092): Tcl Script File Modules/RAM_MEMORY.qip not found
    Info (125063): set_global_assignment -name QIP_FILE Modules/RAM_MEMORY.qip
Info (115030): Assembler is generating device programming files
Info: Quartus II 64-Bit Assembler was successful. 0 errors, 1 warning
    Info: Peak virtual memory: 772 megabytes
    Info: Processing ended: Mon Apr 25 14:52:22 2016
    Info: Elapsed time: 00:00:17
    Info: Total CPU time (on all processors): 00:00:17


